  main.cpp
D:\VSProjects\OpenCV-In-Action\binocular-stereo-vision\main.cpp(244,14): warning C4244: “初始化”: 从“double”转换到“float”，可能丢失数据
D:\VSProjects\OpenCV-In-Action\binocular-stereo-vision\main.cpp(423,26): warning C4244: “=”: 从“double”转换到“_Tp”，可能丢失数据
          with
          [
              _Tp=float
          ]
D:\VSProjects\OpenCV-In-Action\binocular-stereo-vision\main.cpp(423,38): warning C4244: “=”: 从“double”转换到“_Tp”，可能丢失数据
          with
          [
              _Tp=float
          ]
D:\VSProjects\OpenCV-In-Action\binocular-stereo-vision\main.cpp(423,50): warning C4244: “=”: 从“double”转换到“_Tp”，可能丢失数据
          with
          [
              _Tp=float
          ]
D:\VSProjects\OpenCV-In-Action\binocular-stereo-vision\main.cpp(496,32): warning C4244: “=”: 从“double”转换到“int”，可能丢失数据
D:\VSProjects\OpenCV-In-Action\binocular-stereo-vision\main.cpp(497,68): warning C4244: “参数”: 从“double”转换到“_Tp”，可能丢失数据
          with
          [
              _Tp=int
          ]
D:\VSProjects\OpenCV-In-Action\binocular-stereo-vision\main.cpp(497,42): warning C4244: “参数”: 从“double”转换到“_Tp”，可能丢失数据
          with
          [
              _Tp=int
          ]
D:\VSProjects\OpenCV-In-Action\binocular-stereo-vision\main.cpp(498,65): warning C4244: “参数”: 从“double”转换到“_Tp”，可能丢失数据
          with
          [
              _Tp=int
          ]
D:\VSProjects\OpenCV-In-Action\binocular-stereo-vision\main.cpp(498,40): warning C4244: “参数”: 从“double”转换到“_Tp”，可能丢失数据
          with
          [
              _Tp=int
          ]
D:\VSProjects\OpenCV-In-Action\binocular-stereo-vision\main.cpp(529,65): warning C4244: “参数”: 从“double”转换到“_Tp”，可能丢失数据
          with
          [
              _Tp=int
          ]
D:\VSProjects\OpenCV-In-Action\binocular-stereo-vision\main.cpp(529,40): warning C4244: “参数”: 从“double”转换到“_Tp”，可能丢失数据
          with
          [
              _Tp=int
          ]
  binocular-stereo-vision.vcxproj -> D:\VSProjects\OpenCV-In-Action\binocular-stereo-vision\x64\Debug\binocular-stereo-vision.exe
